<?xml version="1.0" encoding="UTF-8"?>
<!-- Generated by org.testng.reporters.JUnitReportReporter -->
<testsuite skipped="0" hostname="DESKTOP-N02OMTI" name="testng_examples.HomeworkTestZeroBankLogo" tests="1" failures="0" timestamp="21 Apr 2020 06:55:12 GMT" time="18.372" errors="0">
  <testcase name="f" time="18.372" classname="testng_examples.HomeworkTestZeroBankLogo"/>
</testsuite> <!-- testng_examples.HomeworkTestZeroBankLogo -->
