<?xml version="1.0" encoding="UTF-8"?>
<!-- Generated by org.testng.reporters.JUnitReportReporter -->
<testsuite skipped="0" hostname="DESKTOP-N02OMTI" name="testng_snippets.TestCase2" tests="1" failures="0" timestamp="20 Apr 2020 03:33:24 GMT" time="0.013" errors="0">
  <testcase name="f" time="0.013" classname="testng_snippets.TestCase2"/>
</testsuite> <!-- testng_snippets.TestCase2 -->
