<?xml version="1.0" encoding="UTF-8"?>
<!-- Generated by org.testng.reporters.JUnitReportReporter -->
<testsuite skipped="0" hostname="DESKTOP-N02OMTI" name="testng_examples.AccountSummaryLinkWithDataProvider" tests="4" failures="0" timestamp="20 Apr 2020 14:51:30 GMT" time="7.777" errors="0">
  <testcase name="verifyInvestmentAccountsLinks" time="2.044" classname="testng_examples.AccountSummaryLinkWithDataProvider"/>
  <testcase name="verifyCreditAccountsLinks" time="2.158" classname="testng_examples.AccountSummaryLinkWithDataProvider"/>
  <testcase name="verifyCreditAccountsLinks" time="1.804" classname="testng_examples.AccountSummaryLinkWithDataProvider"/>
  <testcase name="verifyLoanAccountsLinks" time="1.771" classname="testng_examples.AccountSummaryLinkWithDataProvider"/>
</testsuite> <!-- testng_examples.AccountSummaryLinkWithDataProvider -->
