<?xml version="1.0" encoding="UTF-8"?>
<!-- Generated by org.testng.reporters.JUnitReportReporter -->
<testsuite skipped="0" hostname="DESKTOP-N02OMTI" name="tests.AddPayee" tests="4" failures="0" timestamp="26 Apr 2020 03:26:33 GMT" time="11.737" errors="0">
  <testcase name="f" time="2.798" classname="tests.AddPayee"/>
  <testcase name="f" time="2.959" classname="tests.AddPayee"/>
  <testcase name="f" time="2.831" classname="tests.AddPayee"/>
  <testcase name="f" time="3.149" classname="tests.AddPayee"/>
</testsuite> <!-- tests.AddPayee -->
