<?xml version="1.0" encoding="UTF-8"?>
<!-- Generated by org.testng.reporters.JUnitReportReporter -->
<testsuite skipped="0" hostname="DESKTOP-N02OMTI" name="testng_examples.SearchScenarioWithDataProvider" tests="2" failures="0" timestamp="20 Apr 2020 14:25:36 GMT" time="2.737" errors="0">
  <testcase name="test_01" time="1.691" classname="testng_examples.SearchScenarioWithDataProvider"/>
  <testcase name="test_01" time="1.046" classname="testng_examples.SearchScenarioWithDataProvider"/>
</testsuite> <!-- testng_examples.SearchScenarioWithDataProvider -->
