<?xml version="1.0" encoding="UTF-8"?>
<!-- Generated by org.testng.reporters.JUnitReportReporter -->
<testsuite skipped="0" hostname="DESKTOP-N02OMTI" name="testng_examples.SearchScenarioWithExcelData" tests="2" failures="0" timestamp="23 Apr 2020 06:28:38 GMT" time="11.200" errors="0">
  <testcase name="test_01" time="3.278" classname="testng_examples.SearchScenarioWithExcelData"/>
  <testcase name="test_01" time="7.922" classname="testng_examples.SearchScenarioWithExcelData"/>
</testsuite> <!-- testng_examples.SearchScenarioWithExcelData -->
