<?xml version="1.0" encoding="UTF-8"?>
<!-- Generated by org.testng.reporters.JUnitReportReporter -->
<testsuite skipped="0" hostname="DESKTOP-N02OMTI" name="testng_examples.AddNewPayeeScenario" tests="1" failures="0" timestamp="21 Apr 2020 04:12:54 GMT" time="2.620" errors="0">
  <testcase name="test1" time="2.620" classname="testng_examples.AddNewPayeeScenario"/>
</testsuite> <!-- testng_examples.AddNewPayeeScenario -->
