<?xml version="1.0" encoding="UTF-8"?>
<!-- Generated by org.testng.reporters.JUnitReportReporter -->
<testsuite skipped="0" hostname="DESKTOP-N02OMTI" name="testng_examples.SearchScenarioWithoutDataProvider" tests="2" failures="0" timestamp="20 Apr 2020 06:44:32 GMT" time="2.811" errors="0">
  <testcase name="test_Map" time="1.354" classname="testng_examples.SearchScenarioWithoutDataProvider"/>
  <testcase name="test_Account" time="1.457" classname="testng_examples.SearchScenarioWithoutDataProvider"/>
</testsuite> <!-- testng_examples.SearchScenarioWithoutDataProvider -->
